30/03/2022, 21:55:23 - INFO - Server is running on port: 3030 
31/03/2022, 9:19:34 - INFO - Server is running on port: 3030 
31/03/2022, 10:13:09 - ERROR - cannot insert board | MongoError: E11000 duplicate key error collection: board_db.board index: _id_ dup key: { _id: "" } (sid: 8EUZLPBitwvAoo0mZmQ7vHXC2n-2pybv)
31/03/2022, 10:13:09 - ERROR - Failed to add board | MongoError: E11000 duplicate key error collection: board_db.board index: _id_ dup key: { _id: "" } (sid: 8EUZLPBitwvAoo0mZmQ7vHXC2n-2pybv)
31/03/2022, 10:17:55 - ERROR - cannot insert board | MongoError: E11000 duplicate key error collection: board_db.board index: _id_ dup key: { _id: "" } (sid: 8EUZLPBitwvAoo0mZmQ7vHXC2n-2pybv)
31/03/2022, 10:17:55 - ERROR - Failed to add board | MongoError: E11000 duplicate key error collection: board_db.board index: _id_ dup key: { _id: "" } (sid: 8EUZLPBitwvAoo0mZmQ7vHXC2n-2pybv)
31/03/2022, 10:24:30 - INFO - Server is running on port: 3030 
31/03/2022, 12:17:25 - INFO - Server is running on port: 3030 
31/03/2022, 12:27:57 - INFO - Server is running on port: 3030 
31/03/2022, 12:28:06 - INFO - Server is running on port: 3030 
31/03/2022, 12:28:10 - INFO - Server is running on port: 3030 
31/03/2022, 15:33:32 - INFO - Server is running on port: 3030 
31/03/2022, 15:43:57 - INFO - Server is running on port: 3030 
31/03/2022, 15:46:26 - INFO - Server is running on port: 3030 
31/03/2022, 15:53:46 - INFO - Server is running on port: 3030 
31/03/2022, 16:06:56 - INFO - Server is running on port: 3030 
31/03/2022, 16:10:03 - INFO - Server is running on port: 3030 
31/03/2022, 16:45:48 - INFO - Server is running on port: 3030 
31/03/2022, 16:50:43 - INFO - Server is running on port: 3030 
31/03/2022, 17:00:04 - INFO - Server is running on port: 3030 
31/03/2022, 17:01:14 - INFO - Server is running on port: 3030 
31/03/2022, 18:07:55 - INFO - Server is running on port: 3030 
31/03/2022, 18:11:13 - INFO - Server is running on port: 3030 
31/03/2022, 18:14:52 - INFO - Server is running on port: 3030 
31/03/2022, 18:22:34 - INFO - Server is running on port: 3030 
31/03/2022, 18:24:10 - INFO - Server is running on port: 3030 
31/03/2022, 18:24:58 - INFO - Server is running on port: 3030 
31/03/2022, 18:25:57 - INFO - Server is running on port: 3030 
01/04/2022, 9:06:01 - INFO - Server is running on port: 3030 
01/04/2022, 9:41:55 - INFO - Server is running on port: 3030 
01/04/2022, 10:13:24 - INFO - Server is running on port: 3030 
01/04/2022, 10:21:26 - INFO - Server is running on port: 3030 
01/04/2022, 14:45:08 - INFO - Server is running on port: 3030 
01/04/2022, 14:45:31 - INFO - Server is running on port: 3030 
01/04/2022, 14:45:39 - INFO - Server is running on port: 3030 
01/04/2022, 14:46:06 - INFO - Server is running on port: 3030 
01/04/2022, 14:46:44 - INFO - Server is running on port: 3030 
01/04/2022, 14:46:48 - INFO - Server is running on port: 3030 
01/04/2022, 14:47:14 - INFO - Server is running on port: 3030 
01/04/2022, 14:47:17 - INFO - Server is running on port: 3030 
01/04/2022, 14:59:25 - ERROR - while finding board undefined | Error: Argument passed in must be a single String of 12 bytes or a string of 24 hex characters (sid: EuX9mI0kippt4LY-OVZ95S1TjVM9zjPM)
01/04/2022, 14:59:25 - ERROR - Failed to get board | Error: Argument passed in must be a single String of 12 bytes or a string of 24 hex characters (sid: EuX9mI0kippt4LY-OVZ95S1TjVM9zjPM)
01/04/2022, 14:59:32 - ERROR - while finding board undefined | Error: Argument passed in must be a single String of 12 bytes or a string of 24 hex characters (sid: EuX9mI0kippt4LY-OVZ95S1TjVM9zjPM)
01/04/2022, 14:59:32 - ERROR - Failed to get board | Error: Argument passed in must be a single String of 12 bytes or a string of 24 hex characters (sid: EuX9mI0kippt4LY-OVZ95S1TjVM9zjPM)
01/04/2022, 15:22:44 - INFO - Server is running on port: 3030 
01/04/2022, 15:25:35 - ERROR - while finding board undefined | Error: Argument passed in must be a single String of 12 bytes or a string of 24 hex characters (sid: ghAOb90JjevSCZm6tvhVQrKyv3YWhv6f)
01/04/2022, 15:25:35 - ERROR - Failed to get board | Error: Argument passed in must be a single String of 12 bytes or a string of 24 hex characters (sid: ghAOb90JjevSCZm6tvhVQrKyv3YWhv6f)
01/04/2022, 15:25:35 - ERROR - while finding board undefined | Error: Argument passed in must be a single String of 12 bytes or a string of 24 hex characters (sid: Q_u6gzVUsMLMIenKdlegsWvsV7JPABro)
01/04/2022, 15:25:35 - ERROR - Failed to get board | Error: Argument passed in must be a single String of 12 bytes or a string of 24 hex characters (sid: Q_u6gzVUsMLMIenKdlegsWvsV7JPABro)
01/04/2022, 15:40:09 - ERROR - while finding board undefined | Error: Argument passed in must be a single String of 12 bytes or a string of 24 hex characters (sid: Q_u6gzVUsMLMIenKdlegsWvsV7JPABro)
01/04/2022, 15:40:09 - ERROR - Failed to get board | Error: Argument passed in must be a single String of 12 bytes or a string of 24 hex characters (sid: Q_u6gzVUsMLMIenKdlegsWvsV7JPABro)
01/04/2022, 15:40:09 - ERROR - while finding board undefined | Error: Argument passed in must be a single String of 12 bytes or a string of 24 hex characters (sid: Q_u6gzVUsMLMIenKdlegsWvsV7JPABro)
01/04/2022, 15:40:09 - ERROR - Failed to get board | Error: Argument passed in must be a single String of 12 bytes or a string of 24 hex characters (sid: Q_u6gzVUsMLMIenKdlegsWvsV7JPABro)
01/04/2022, 15:40:09 - ERROR - while finding board undefined | Error: Argument passed in must be a single String of 12 bytes or a string of 24 hex characters (sid: Q_u6gzVUsMLMIenKdlegsWvsV7JPABro)
01/04/2022, 15:40:09 - ERROR - Failed to get board | Error: Argument passed in must be a single String of 12 bytes or a string of 24 hex characters (sid: Q_u6gzVUsMLMIenKdlegsWvsV7JPABro)
01/04/2022, 15:40:09 - ERROR - while finding board undefined | Error: Argument passed in must be a single String of 12 bytes or a string of 24 hex characters (sid: Q_u6gzVUsMLMIenKdlegsWvsV7JPABro)
01/04/2022, 15:40:09 - ERROR - Failed to get board | Error: Argument passed in must be a single String of 12 bytes or a string of 24 hex characters (sid: Q_u6gzVUsMLMIenKdlegsWvsV7JPABro)
01/04/2022, 15:40:09 - ERROR - while finding board undefined | Error: Argument passed in must be a single String of 12 bytes or a string of 24 hex characters (sid: Q_u6gzVUsMLMIenKdlegsWvsV7JPABro)
01/04/2022, 15:40:09 - ERROR - Failed to get board | Error: Argument passed in must be a single String of 12 bytes or a string of 24 hex characters (sid: Q_u6gzVUsMLMIenKdlegsWvsV7JPABro)
01/04/2022, 15:40:11 - ERROR - while finding board undefined | Error: Argument passed in must be a single String of 12 bytes or a string of 24 hex characters (sid: ghAOb90JjevSCZm6tvhVQrKyv3YWhv6f)
01/04/2022, 15:40:11 - ERROR - Failed to get board | Error: Argument passed in must be a single String of 12 bytes or a string of 24 hex characters (sid: ghAOb90JjevSCZm6tvhVQrKyv3YWhv6f)
01/04/2022, 15:40:11 - ERROR - while finding board undefined | Error: Argument passed in must be a single String of 12 bytes or a string of 24 hex characters (sid: ghAOb90JjevSCZm6tvhVQrKyv3YWhv6f)
01/04/2022, 15:40:11 - ERROR - Failed to get board | Error: Argument passed in must be a single String of 12 bytes or a string of 24 hex characters (sid: ghAOb90JjevSCZm6tvhVQrKyv3YWhv6f)
01/04/2022, 15:40:11 - ERROR - while finding board undefined | Error: Argument passed in must be a single String of 12 bytes or a string of 24 hex characters (sid: ghAOb90JjevSCZm6tvhVQrKyv3YWhv6f)
01/04/2022, 15:40:11 - ERROR - Failed to get board | Error: Argument passed in must be a single String of 12 bytes or a string of 24 hex characters (sid: ghAOb90JjevSCZm6tvhVQrKyv3YWhv6f)
01/04/2022, 15:40:11 - ERROR - while finding board undefined | Error: Argument passed in must be a single String of 12 bytes or a string of 24 hex characters (sid: ghAOb90JjevSCZm6tvhVQrKyv3YWhv6f)
01/04/2022, 15:40:11 - ERROR - Failed to get board | Error: Argument passed in must be a single String of 12 bytes or a string of 24 hex characters (sid: ghAOb90JjevSCZm6tvhVQrKyv3YWhv6f)
01/04/2022, 15:40:11 - ERROR - while finding board undefined | Error: Argument passed in must be a single String of 12 bytes or a string of 24 hex characters (sid: ghAOb90JjevSCZm6tvhVQrKyv3YWhv6f)
01/04/2022, 15:40:11 - ERROR - Failed to get board | Error: Argument passed in must be a single String of 12 bytes or a string of 24 hex characters (sid: ghAOb90JjevSCZm6tvhVQrKyv3YWhv6f)
01/04/2022, 15:40:11 - ERROR - while finding board undefined | Error: Argument passed in must be a single String of 12 bytes or a string of 24 hex characters (sid: ghAOb90JjevSCZm6tvhVQrKyv3YWhv6f)
01/04/2022, 15:40:11 - ERROR - Failed to get board | Error: Argument passed in must be a single String of 12 bytes or a string of 24 hex characters (sid: ghAOb90JjevSCZm6tvhVQrKyv3YWhv6f)
01/04/2022, 15:40:11 - ERROR - while finding board undefined | Error: Argument passed in must be a single String of 12 bytes or a string of 24 hex characters (sid: ghAOb90JjevSCZm6tvhVQrKyv3YWhv6f)
01/04/2022, 15:40:11 - ERROR - Failed to get board | Error: Argument passed in must be a single String of 12 bytes or a string of 24 hex characters (sid: ghAOb90JjevSCZm6tvhVQrKyv3YWhv6f)
01/04/2022, 15:40:11 - ERROR - while finding board undefined | Error: Argument passed in must be a single String of 12 bytes or a string of 24 hex characters (sid: ghAOb90JjevSCZm6tvhVQrKyv3YWhv6f)
01/04/2022, 15:40:11 - ERROR - Failed to get board | Error: Argument passed in must be a single String of 12 bytes or a string of 24 hex characters (sid: ghAOb90JjevSCZm6tvhVQrKyv3YWhv6f)
01/04/2022, 15:40:11 - ERROR - while finding board undefined | Error: Argument passed in must be a single String of 12 bytes or a string of 24 hex characters (sid: ghAOb90JjevSCZm6tvhVQrKyv3YWhv6f)
01/04/2022, 15:40:11 - ERROR - Failed to get board | Error: Argument passed in must be a single String of 12 bytes or a string of 24 hex characters (sid: ghAOb90JjevSCZm6tvhVQrKyv3YWhv6f)
01/04/2022, 15:40:11 - ERROR - while finding board undefined | Error: Argument passed in must be a single String of 12 bytes or a string of 24 hex characters (sid: ghAOb90JjevSCZm6tvhVQrKyv3YWhv6f)
01/04/2022, 15:40:11 - ERROR - Failed to get board | Error: Argument passed in must be a single String of 12 bytes or a string of 24 hex characters (sid: ghAOb90JjevSCZm6tvhVQrKyv3YWhv6f)
01/04/2022, 15:45:43 - ERROR - while finding board undefined | Error: Argument passed in must be a single String of 12 bytes or a string of 24 hex characters (sid: Q_u6gzVUsMLMIenKdlegsWvsV7JPABro)
01/04/2022, 15:45:43 - ERROR - Failed to get board | Error: Argument passed in must be a single String of 12 bytes or a string of 24 hex characters (sid: Q_u6gzVUsMLMIenKdlegsWvsV7JPABro)
01/04/2022, 15:45:43 - ERROR - while finding board undefined | Error: Argument passed in must be a single String of 12 bytes or a string of 24 hex characters (sid: Q_u6gzVUsMLMIenKdlegsWvsV7JPABro)
01/04/2022, 15:45:43 - ERROR - Failed to get board | Error: Argument passed in must be a single String of 12 bytes or a string of 24 hex characters (sid: Q_u6gzVUsMLMIenKdlegsWvsV7JPABro)
01/04/2022, 15:45:43 - ERROR - while finding board undefined | Error: Argument passed in must be a single String of 12 bytes or a string of 24 hex characters (sid: Q_u6gzVUsMLMIenKdlegsWvsV7JPABro)
01/04/2022, 15:45:43 - ERROR - Failed to get board | Error: Argument passed in must be a single String of 12 bytes or a string of 24 hex characters (sid: Q_u6gzVUsMLMIenKdlegsWvsV7JPABro)
01/04/2022, 15:45:43 - ERROR - while finding board undefined | Error: Argument passed in must be a single String of 12 bytes or a string of 24 hex characters (sid: Q_u6gzVUsMLMIenKdlegsWvsV7JPABro)
01/04/2022, 15:45:43 - ERROR - Failed to get board | Error: Argument passed in must be a single String of 12 bytes or a string of 24 hex characters (sid: Q_u6gzVUsMLMIenKdlegsWvsV7JPABro)
01/04/2022, 15:45:43 - ERROR - while finding board undefined | Error: Argument passed in must be a single String of 12 bytes or a string of 24 hex characters (sid: Q_u6gzVUsMLMIenKdlegsWvsV7JPABro)
01/04/2022, 15:45:43 - ERROR - Failed to get board | Error: Argument passed in must be a single String of 12 bytes or a string of 24 hex characters (sid: Q_u6gzVUsMLMIenKdlegsWvsV7JPABro)
01/04/2022, 15:45:43 - ERROR - while finding board undefined | Error: Argument passed in must be a single String of 12 bytes or a string of 24 hex characters (sid: Q_u6gzVUsMLMIenKdlegsWvsV7JPABro)
01/04/2022, 15:45:43 - ERROR - Failed to get board | Error: Argument passed in must be a single String of 12 bytes or a string of 24 hex characters (sid: Q_u6gzVUsMLMIenKdlegsWvsV7JPABro)
01/04/2022, 15:45:43 - ERROR - while finding board undefined | Error: Argument passed in must be a single String of 12 bytes or a string of 24 hex characters (sid: Q_u6gzVUsMLMIenKdlegsWvsV7JPABro)
01/04/2022, 15:45:43 - ERROR - Failed to get board | Error: Argument passed in must be a single String of 12 bytes or a string of 24 hex characters (sid: Q_u6gzVUsMLMIenKdlegsWvsV7JPABro)
01/04/2022, 15:45:43 - ERROR - while finding board undefined | Error: Argument passed in must be a single String of 12 bytes or a string of 24 hex characters (sid: Q_u6gzVUsMLMIenKdlegsWvsV7JPABro)
01/04/2022, 15:45:43 - ERROR - Failed to get board | Error: Argument passed in must be a single String of 12 bytes or a string of 24 hex characters (sid: Q_u6gzVUsMLMIenKdlegsWvsV7JPABro)
01/04/2022, 15:45:43 - ERROR - while finding board undefined | Error: Argument passed in must be a single String of 12 bytes or a string of 24 hex characters (sid: Q_u6gzVUsMLMIenKdlegsWvsV7JPABro)
01/04/2022, 15:45:43 - ERROR - Failed to get board | Error: Argument passed in must be a single String of 12 bytes or a string of 24 hex characters (sid: Q_u6gzVUsMLMIenKdlegsWvsV7JPABro)
01/04/2022, 15:45:43 - ERROR - while finding board undefined | Error: Argument passed in must be a single String of 12 bytes or a string of 24 hex characters (sid: Q_u6gzVUsMLMIenKdlegsWvsV7JPABro)
01/04/2022, 15:45:43 - ERROR - Failed to get board | Error: Argument passed in must be a single String of 12 bytes or a string of 24 hex characters (sid: Q_u6gzVUsMLMIenKdlegsWvsV7JPABro)
01/04/2022, 15:53:45 - ERROR - while finding board undefined | Error: Argument passed in must be a single String of 12 bytes or a string of 24 hex characters (sid: ghAOb90JjevSCZm6tvhVQrKyv3YWhv6f)
01/04/2022, 15:53:45 - ERROR - Failed to get board | Error: Argument passed in must be a single String of 12 bytes or a string of 24 hex characters (sid: ghAOb90JjevSCZm6tvhVQrKyv3YWhv6f)
01/04/2022, 15:53:45 - ERROR - while finding board undefined | Error: Argument passed in must be a single String of 12 bytes or a string of 24 hex characters (sid: ghAOb90JjevSCZm6tvhVQrKyv3YWhv6f)
01/04/2022, 15:53:45 - ERROR - Failed to get board | Error: Argument passed in must be a single String of 12 bytes or a string of 24 hex characters (sid: ghAOb90JjevSCZm6tvhVQrKyv3YWhv6f)
01/04/2022, 15:53:45 - ERROR - while finding board undefined | Error: Argument passed in must be a single String of 12 bytes or a string of 24 hex characters (sid: ghAOb90JjevSCZm6tvhVQrKyv3YWhv6f)
01/04/2022, 15:53:45 - ERROR - Failed to get board | Error: Argument passed in must be a single String of 12 bytes or a string of 24 hex characters (sid: ghAOb90JjevSCZm6tvhVQrKyv3YWhv6f)
01/04/2022, 15:53:45 - ERROR - while finding board undefined | Error: Argument passed in must be a single String of 12 bytes or a string of 24 hex characters (sid: ghAOb90JjevSCZm6tvhVQrKyv3YWhv6f)
01/04/2022, 15:53:45 - ERROR - Failed to get board | Error: Argument passed in must be a single String of 12 bytes or a string of 24 hex characters (sid: ghAOb90JjevSCZm6tvhVQrKyv3YWhv6f)
01/04/2022, 15:53:45 - ERROR - while finding board undefined | Error: Argument passed in must be a single String of 12 bytes or a string of 24 hex characters (sid: ghAOb90JjevSCZm6tvhVQrKyv3YWhv6f)
01/04/2022, 15:53:45 - ERROR - Failed to get board | Error: Argument passed in must be a single String of 12 bytes or a string of 24 hex characters (sid: ghAOb90JjevSCZm6tvhVQrKyv3YWhv6f)
01/04/2022, 15:53:45 - ERROR - while finding board undefined | Error: Argument passed in must be a single String of 12 bytes or a string of 24 hex characters (sid: ghAOb90JjevSCZm6tvhVQrKyv3YWhv6f)
01/04/2022, 15:53:45 - ERROR - Failed to get board | Error: Argument passed in must be a single String of 12 bytes or a string of 24 hex characters (sid: ghAOb90JjevSCZm6tvhVQrKyv3YWhv6f)
01/04/2022, 15:53:45 - ERROR - while finding board undefined | Error: Argument passed in must be a single String of 12 bytes or a string of 24 hex characters (sid: ghAOb90JjevSCZm6tvhVQrKyv3YWhv6f)
01/04/2022, 15:53:45 - ERROR - Failed to get board | Error: Argument passed in must be a single String of 12 bytes or a string of 24 hex characters (sid: ghAOb90JjevSCZm6tvhVQrKyv3YWhv6f)
01/04/2022, 15:53:45 - ERROR - while finding board undefined | Error: Argument passed in must be a single String of 12 bytes or a string of 24 hex characters (sid: ghAOb90JjevSCZm6tvhVQrKyv3YWhv6f)
01/04/2022, 15:53:45 - ERROR - Failed to get board | Error: Argument passed in must be a single String of 12 bytes or a string of 24 hex characters (sid: ghAOb90JjevSCZm6tvhVQrKyv3YWhv6f)
01/04/2022, 15:53:45 - ERROR - while finding board undefined | Error: Argument passed in must be a single String of 12 bytes or a string of 24 hex characters (sid: ghAOb90JjevSCZm6tvhVQrKyv3YWhv6f)
01/04/2022, 15:53:45 - ERROR - Failed to get board | Error: Argument passed in must be a single String of 12 bytes or a string of 24 hex characters (sid: ghAOb90JjevSCZm6tvhVQrKyv3YWhv6f)
01/04/2022, 15:53:45 - ERROR - while finding board undefined | Error: Argument passed in must be a single String of 12 bytes or a string of 24 hex characters (sid: ghAOb90JjevSCZm6tvhVQrKyv3YWhv6f)
01/04/2022, 15:53:45 - ERROR - Failed to get board | Error: Argument passed in must be a single String of 12 bytes or a string of 24 hex characters (sid: ghAOb90JjevSCZm6tvhVQrKyv3YWhv6f)
01/04/2022, 15:54:01 - ERROR - while finding board undefined | Error: Argument passed in must be a single String of 12 bytes or a string of 24 hex characters (sid: ghAOb90JjevSCZm6tvhVQrKyv3YWhv6f)
01/04/2022, 15:54:01 - ERROR - Failed to get board | Error: Argument passed in must be a single String of 12 bytes or a string of 24 hex characters (sid: ghAOb90JjevSCZm6tvhVQrKyv3YWhv6f)
01/04/2022, 15:54:01 - ERROR - while finding board undefined | Error: Argument passed in must be a single String of 12 bytes or a string of 24 hex characters (sid: ghAOb90JjevSCZm6tvhVQrKyv3YWhv6f)
01/04/2022, 15:54:01 - ERROR - Failed to get board | Error: Argument passed in must be a single String of 12 bytes or a string of 24 hex characters (sid: ghAOb90JjevSCZm6tvhVQrKyv3YWhv6f)
01/04/2022, 15:54:01 - ERROR - while finding board undefined | Error: Argument passed in must be a single String of 12 bytes or a string of 24 hex characters (sid: ghAOb90JjevSCZm6tvhVQrKyv3YWhv6f)
01/04/2022, 15:54:01 - ERROR - Failed to get board | Error: Argument passed in must be a single String of 12 bytes or a string of 24 hex characters (sid: ghAOb90JjevSCZm6tvhVQrKyv3YWhv6f)
01/04/2022, 15:54:01 - ERROR - while finding board undefined | Error: Argument passed in must be a single String of 12 bytes or a string of 24 hex characters (sid: ghAOb90JjevSCZm6tvhVQrKyv3YWhv6f)
01/04/2022, 15:54:01 - ERROR - Failed to get board | Error: Argument passed in must be a single String of 12 bytes or a string of 24 hex characters (sid: ghAOb90JjevSCZm6tvhVQrKyv3YWhv6f)
01/04/2022, 15:54:01 - ERROR - while finding board undefined | Error: Argument passed in must be a single String of 12 bytes or a string of 24 hex characters (sid: ghAOb90JjevSCZm6tvhVQrKyv3YWhv6f)
01/04/2022, 15:54:01 - ERROR - Failed to get board | Error: Argument passed in must be a single String of 12 bytes or a string of 24 hex characters (sid: ghAOb90JjevSCZm6tvhVQrKyv3YWhv6f)
01/04/2022, 15:54:01 - ERROR - while finding board undefined | Error: Argument passed in must be a single String of 12 bytes or a string of 24 hex characters (sid: ghAOb90JjevSCZm6tvhVQrKyv3YWhv6f)
01/04/2022, 15:54:01 - ERROR - Failed to get board | Error: Argument passed in must be a single String of 12 bytes or a string of 24 hex characters (sid: ghAOb90JjevSCZm6tvhVQrKyv3YWhv6f)
01/04/2022, 15:54:01 - ERROR - while finding board undefined | Error: Argument passed in must be a single String of 12 bytes or a string of 24 hex characters (sid: ghAOb90JjevSCZm6tvhVQrKyv3YWhv6f)
01/04/2022, 15:54:01 - ERROR - Failed to get board | Error: Argument passed in must be a single String of 12 bytes or a string of 24 hex characters (sid: ghAOb90JjevSCZm6tvhVQrKyv3YWhv6f)
01/04/2022, 15:54:01 - ERROR - while finding board undefined | Error: Argument passed in must be a single String of 12 bytes or a string of 24 hex characters (sid: ghAOb90JjevSCZm6tvhVQrKyv3YWhv6f)
01/04/2022, 15:54:01 - ERROR - Failed to get board | Error: Argument passed in must be a single String of 12 bytes or a string of 24 hex characters (sid: ghAOb90JjevSCZm6tvhVQrKyv3YWhv6f)
01/04/2022, 15:54:01 - ERROR - while finding board undefined | Error: Argument passed in must be a single String of 12 bytes or a string of 24 hex characters (sid: ghAOb90JjevSCZm6tvhVQrKyv3YWhv6f)
01/04/2022, 15:54:01 - ERROR - Failed to get board | Error: Argument passed in must be a single String of 12 bytes or a string of 24 hex characters (sid: ghAOb90JjevSCZm6tvhVQrKyv3YWhv6f)
01/04/2022, 15:54:01 - ERROR - while finding board undefined | Error: Argument passed in must be a single String of 12 bytes or a string of 24 hex characters (sid: ghAOb90JjevSCZm6tvhVQrKyv3YWhv6f)
01/04/2022, 15:54:01 - ERROR - Failed to get board | Error: Argument passed in must be a single String of 12 bytes or a string of 24 hex characters (sid: ghAOb90JjevSCZm6tvhVQrKyv3YWhv6f)
01/04/2022, 15:54:01 - ERROR - while finding board undefined | Error: Argument passed in must be a single String of 12 bytes or a string of 24 hex characters (sid: ghAOb90JjevSCZm6tvhVQrKyv3YWhv6f)
01/04/2022, 15:54:01 - ERROR - Failed to get board | Error: Argument passed in must be a single String of 12 bytes or a string of 24 hex characters (sid: ghAOb90JjevSCZm6tvhVQrKyv3YWhv6f)
01/04/2022, 15:54:01 - ERROR - while finding board undefined | Error: Argument passed in must be a single String of 12 bytes or a string of 24 hex characters (sid: ghAOb90JjevSCZm6tvhVQrKyv3YWhv6f)
01/04/2022, 15:54:01 - ERROR - Failed to get board | Error: Argument passed in must be a single String of 12 bytes or a string of 24 hex characters (sid: ghAOb90JjevSCZm6tvhVQrKyv3YWhv6f)
01/04/2022, 15:54:01 - ERROR - while finding board undefined | Error: Argument passed in must be a single String of 12 bytes or a string of 24 hex characters (sid: ghAOb90JjevSCZm6tvhVQrKyv3YWhv6f)
01/04/2022, 15:54:01 - ERROR - Failed to get board | Error: Argument passed in must be a single String of 12 bytes or a string of 24 hex characters (sid: ghAOb90JjevSCZm6tvhVQrKyv3YWhv6f)
01/04/2022, 15:54:01 - ERROR - while finding board undefined | Error: Argument passed in must be a single String of 12 bytes or a string of 24 hex characters (sid: ghAOb90JjevSCZm6tvhVQrKyv3YWhv6f)
01/04/2022, 15:54:01 - ERROR - Failed to get board | Error: Argument passed in must be a single String of 12 bytes or a string of 24 hex characters (sid: ghAOb90JjevSCZm6tvhVQrKyv3YWhv6f)
01/04/2022, 15:54:02 - ERROR - while finding board undefined | Error: Argument passed in must be a single String of 12 bytes or a string of 24 hex characters (sid: ghAOb90JjevSCZm6tvhVQrKyv3YWhv6f)
01/04/2022, 15:54:02 - ERROR - Failed to get board | Error: Argument passed in must be a single String of 12 bytes or a string of 24 hex characters (sid: ghAOb90JjevSCZm6tvhVQrKyv3YWhv6f)
01/04/2022, 15:54:02 - ERROR - while finding board undefined | Error: Argument passed in must be a single String of 12 bytes or a string of 24 hex characters (sid: ghAOb90JjevSCZm6tvhVQrKyv3YWhv6f)
01/04/2022, 15:54:02 - ERROR - Failed to get board | Error: Argument passed in must be a single String of 12 bytes or a string of 24 hex characters (sid: ghAOb90JjevSCZm6tvhVQrKyv3YWhv6f)
01/04/2022, 15:54:02 - ERROR - while finding board undefined | Error: Argument passed in must be a single String of 12 bytes or a string of 24 hex characters (sid: ghAOb90JjevSCZm6tvhVQrKyv3YWhv6f)
01/04/2022, 15:54:02 - ERROR - Failed to get board | Error: Argument passed in must be a single String of 12 bytes or a string of 24 hex characters (sid: ghAOb90JjevSCZm6tvhVQrKyv3YWhv6f)
01/04/2022, 15:54:02 - ERROR - while finding board undefined | Error: Argument passed in must be a single String of 12 bytes or a string of 24 hex characters (sid: ghAOb90JjevSCZm6tvhVQrKyv3YWhv6f)
01/04/2022, 15:54:02 - ERROR - Failed to get board | Error: Argument passed in must be a single String of 12 bytes or a string of 24 hex characters (sid: ghAOb90JjevSCZm6tvhVQrKyv3YWhv6f)
01/04/2022, 15:54:02 - ERROR - while finding board undefined | Error: Argument passed in must be a single String of 12 bytes or a string of 24 hex characters (sid: ghAOb90JjevSCZm6tvhVQrKyv3YWhv6f)
01/04/2022, 15:54:02 - ERROR - Failed to get board | Error: Argument passed in must be a single String of 12 bytes or a string of 24 hex characters (sid: ghAOb90JjevSCZm6tvhVQrKyv3YWhv6f)
01/04/2022, 15:54:02 - ERROR - while finding board undefined | Error: Argument passed in must be a single String of 12 bytes or a string of 24 hex characters (sid: ghAOb90JjevSCZm6tvhVQrKyv3YWhv6f)
01/04/2022, 15:54:02 - ERROR - Failed to get board | Error: Argument passed in must be a single String of 12 bytes or a string of 24 hex characters (sid: ghAOb90JjevSCZm6tvhVQrKyv3YWhv6f)
01/04/2022, 15:55:30 - ERROR - while finding board undefined | Error: Argument passed in must be a single String of 12 bytes or a string of 24 hex characters (sid: Q_u6gzVUsMLMIenKdlegsWvsV7JPABro)
01/04/2022, 15:55:30 - ERROR - Failed to get board | Error: Argument passed in must be a single String of 12 bytes or a string of 24 hex characters (sid: Q_u6gzVUsMLMIenKdlegsWvsV7JPABro)
01/04/2022, 15:55:30 - ERROR - while finding board undefined | Error: Argument passed in must be a single String of 12 bytes or a string of 24 hex characters (sid: Q_u6gzVUsMLMIenKdlegsWvsV7JPABro)
01/04/2022, 15:55:30 - ERROR - Failed to get board | Error: Argument passed in must be a single String of 12 bytes or a string of 24 hex characters (sid: Q_u6gzVUsMLMIenKdlegsWvsV7JPABro)
01/04/2022, 15:55:30 - ERROR - while finding board undefined | Error: Argument passed in must be a single String of 12 bytes or a string of 24 hex characters (sid: Q_u6gzVUsMLMIenKdlegsWvsV7JPABro)
01/04/2022, 15:55:30 - ERROR - Failed to get board | Error: Argument passed in must be a single String of 12 bytes or a string of 24 hex characters (sid: Q_u6gzVUsMLMIenKdlegsWvsV7JPABro)
01/04/2022, 15:55:30 - ERROR - while finding board undefined | Error: Argument passed in must be a single String of 12 bytes or a string of 24 hex characters (sid: Q_u6gzVUsMLMIenKdlegsWvsV7JPABro)
01/04/2022, 15:55:30 - ERROR - Failed to get board | Error: Argument passed in must be a single String of 12 bytes or a string of 24 hex characters (sid: Q_u6gzVUsMLMIenKdlegsWvsV7JPABro)
01/04/2022, 15:55:30 - ERROR - while finding board undefined | Error: Argument passed in must be a single String of 12 bytes or a string of 24 hex characters (sid: Q_u6gzVUsMLMIenKdlegsWvsV7JPABro)
01/04/2022, 15:55:30 - ERROR - Failed to get board | Error: Argument passed in must be a single String of 12 bytes or a string of 24 hex characters (sid: Q_u6gzVUsMLMIenKdlegsWvsV7JPABro)
01/04/2022, 15:55:32 - ERROR - while finding board undefined | Error: Argument passed in must be a single String of 12 bytes or a string of 24 hex characters (sid: ghAOb90JjevSCZm6tvhVQrKyv3YWhv6f)
01/04/2022, 15:55:32 - ERROR - Failed to get board | Error: Argument passed in must be a single String of 12 bytes or a string of 24 hex characters (sid: ghAOb90JjevSCZm6tvhVQrKyv3YWhv6f)
01/04/2022, 15:55:32 - ERROR - while finding board undefined | Error: Argument passed in must be a single String of 12 bytes or a string of 24 hex characters (sid: ghAOb90JjevSCZm6tvhVQrKyv3YWhv6f)
01/04/2022, 15:55:32 - ERROR - Failed to get board | Error: Argument passed in must be a single String of 12 bytes or a string of 24 hex characters (sid: ghAOb90JjevSCZm6tvhVQrKyv3YWhv6f)
01/04/2022, 15:55:32 - ERROR - while finding board undefined | Error: Argument passed in must be a single String of 12 bytes or a string of 24 hex characters (sid: ghAOb90JjevSCZm6tvhVQrKyv3YWhv6f)
01/04/2022, 15:55:32 - ERROR - Failed to get board | Error: Argument passed in must be a single String of 12 bytes or a string of 24 hex characters (sid: ghAOb90JjevSCZm6tvhVQrKyv3YWhv6f)
01/04/2022, 15:55:32 - ERROR - while finding board undefined | Error: Argument passed in must be a single String of 12 bytes or a string of 24 hex characters (sid: ghAOb90JjevSCZm6tvhVQrKyv3YWhv6f)
01/04/2022, 15:55:32 - ERROR - Failed to get board | Error: Argument passed in must be a single String of 12 bytes or a string of 24 hex characters (sid: ghAOb90JjevSCZm6tvhVQrKyv3YWhv6f)
01/04/2022, 15:55:32 - ERROR - while finding board undefined | Error: Argument passed in must be a single String of 12 bytes or a string of 24 hex characters (sid: ghAOb90JjevSCZm6tvhVQrKyv3YWhv6f)
01/04/2022, 15:55:32 - ERROR - Failed to get board | Error: Argument passed in must be a single String of 12 bytes or a string of 24 hex characters (sid: ghAOb90JjevSCZm6tvhVQrKyv3YWhv6f)
01/04/2022, 15:55:32 - ERROR - while finding board undefined | Error: Argument passed in must be a single String of 12 bytes or a string of 24 hex characters (sid: ghAOb90JjevSCZm6tvhVQrKyv3YWhv6f)
01/04/2022, 15:55:32 - ERROR - Failed to get board | Error: Argument passed in must be a single String of 12 bytes or a string of 24 hex characters (sid: ghAOb90JjevSCZm6tvhVQrKyv3YWhv6f)
01/04/2022, 15:55:32 - ERROR - while finding board undefined | Error: Argument passed in must be a single String of 12 bytes or a string of 24 hex characters (sid: ghAOb90JjevSCZm6tvhVQrKyv3YWhv6f)
01/04/2022, 15:55:32 - ERROR - Failed to get board | Error: Argument passed in must be a single String of 12 bytes or a string of 24 hex characters (sid: ghAOb90JjevSCZm6tvhVQrKyv3YWhv6f)
01/04/2022, 15:55:32 - ERROR - while finding board undefined | Error: Argument passed in must be a single String of 12 bytes or a string of 24 hex characters (sid: ghAOb90JjevSCZm6tvhVQrKyv3YWhv6f)
01/04/2022, 15:55:32 - ERROR - Failed to get board | Error: Argument passed in must be a single String of 12 bytes or a string of 24 hex characters (sid: ghAOb90JjevSCZm6tvhVQrKyv3YWhv6f)
01/04/2022, 15:55:32 - ERROR - while finding board undefined | Error: Argument passed in must be a single String of 12 bytes or a string of 24 hex characters (sid: ghAOb90JjevSCZm6tvhVQrKyv3YWhv6f)
01/04/2022, 15:55:32 - ERROR - Failed to get board | Error: Argument passed in must be a single String of 12 bytes or a string of 24 hex characters (sid: ghAOb90JjevSCZm6tvhVQrKyv3YWhv6f)
01/04/2022, 15:55:32 - ERROR - while finding board undefined | Error: Argument passed in must be a single String of 12 bytes or a string of 24 hex characters (sid: ghAOb90JjevSCZm6tvhVQrKyv3YWhv6f)
01/04/2022, 15:55:32 - ERROR - Failed to get board | Error: Argument passed in must be a single String of 12 bytes or a string of 24 hex characters (sid: ghAOb90JjevSCZm6tvhVQrKyv3YWhv6f)
01/04/2022, 15:56:57 - ERROR - while finding board undefined | Error: Argument passed in must be a single String of 12 bytes or a string of 24 hex characters (sid: Q_u6gzVUsMLMIenKdlegsWvsV7JPABro)
01/04/2022, 15:56:57 - ERROR - Failed to get board | Error: Argument passed in must be a single String of 12 bytes or a string of 24 hex characters (sid: Q_u6gzVUsMLMIenKdlegsWvsV7JPABro)
01/04/2022, 15:56:57 - ERROR - while finding board undefined | Error: Argument passed in must be a single String of 12 bytes or a string of 24 hex characters (sid: Q_u6gzVUsMLMIenKdlegsWvsV7JPABro)
01/04/2022, 15:56:57 - ERROR - Failed to get board | Error: Argument passed in must be a single String of 12 bytes or a string of 24 hex characters (sid: Q_u6gzVUsMLMIenKdlegsWvsV7JPABro)
01/04/2022, 15:56:57 - ERROR - while finding board undefined | Error: Argument passed in must be a single String of 12 bytes or a string of 24 hex characters (sid: Q_u6gzVUsMLMIenKdlegsWvsV7JPABro)
01/04/2022, 15:56:57 - ERROR - Failed to get board | Error: Argument passed in must be a single String of 12 bytes or a string of 24 hex characters (sid: Q_u6gzVUsMLMIenKdlegsWvsV7JPABro)
01/04/2022, 15:56:57 - ERROR - while finding board undefined | Error: Argument passed in must be a single String of 12 bytes or a string of 24 hex characters (sid: Q_u6gzVUsMLMIenKdlegsWvsV7JPABro)
01/04/2022, 15:56:57 - ERROR - Failed to get board | Error: Argument passed in must be a single String of 12 bytes or a string of 24 hex characters (sid: Q_u6gzVUsMLMIenKdlegsWvsV7JPABro)
01/04/2022, 15:56:57 - ERROR - while finding board undefined | Error: Argument passed in must be a single String of 12 bytes or a string of 24 hex characters (sid: Q_u6gzVUsMLMIenKdlegsWvsV7JPABro)
01/04/2022, 15:56:57 - ERROR - Failed to get board | Error: Argument passed in must be a single String of 12 bytes or a string of 24 hex characters (sid: Q_u6gzVUsMLMIenKdlegsWvsV7JPABro)
01/04/2022, 15:56:59 - ERROR - while finding board undefined | Error: Argument passed in must be a single String of 12 bytes or a string of 24 hex characters (sid: ghAOb90JjevSCZm6tvhVQrKyv3YWhv6f)
01/04/2022, 15:56:59 - ERROR - Failed to get board | Error: Argument passed in must be a single String of 12 bytes or a string of 24 hex characters (sid: ghAOb90JjevSCZm6tvhVQrKyv3YWhv6f)
01/04/2022, 15:56:59 - ERROR - while finding board undefined | Error: Argument passed in must be a single String of 12 bytes or a string of 24 hex characters (sid: ghAOb90JjevSCZm6tvhVQrKyv3YWhv6f)
01/04/2022, 15:56:59 - ERROR - Failed to get board | Error: Argument passed in must be a single String of 12 bytes or a string of 24 hex characters (sid: ghAOb90JjevSCZm6tvhVQrKyv3YWhv6f)
01/04/2022, 15:56:59 - ERROR - while finding board undefined | Error: Argument passed in must be a single String of 12 bytes or a string of 24 hex characters (sid: ghAOb90JjevSCZm6tvhVQrKyv3YWhv6f)
01/04/2022, 15:56:59 - ERROR - Failed to get board | Error: Argument passed in must be a single String of 12 bytes or a string of 24 hex characters (sid: ghAOb90JjevSCZm6tvhVQrKyv3YWhv6f)
01/04/2022, 15:56:59 - ERROR - while finding board undefined | Error: Argument passed in must be a single String of 12 bytes or a string of 24 hex characters (sid: ghAOb90JjevSCZm6tvhVQrKyv3YWhv6f)
01/04/2022, 15:56:59 - ERROR - Failed to get board | Error: Argument passed in must be a single String of 12 bytes or a string of 24 hex characters (sid: ghAOb90JjevSCZm6tvhVQrKyv3YWhv6f)
01/04/2022, 15:56:59 - ERROR - while finding board undefined | Error: Argument passed in must be a single String of 12 bytes or a string of 24 hex characters (sid: ghAOb90JjevSCZm6tvhVQrKyv3YWhv6f)
01/04/2022, 15:56:59 - ERROR - Failed to get board | Error: Argument passed in must be a single String of 12 bytes or a string of 24 hex characters (sid: ghAOb90JjevSCZm6tvhVQrKyv3YWhv6f)
01/04/2022, 15:56:59 - ERROR - while finding board undefined | Error: Argument passed in must be a single String of 12 bytes or a string of 24 hex characters (sid: ghAOb90JjevSCZm6tvhVQrKyv3YWhv6f)
01/04/2022, 15:56:59 - ERROR - Failed to get board | Error: Argument passed in must be a single String of 12 bytes or a string of 24 hex characters (sid: ghAOb90JjevSCZm6tvhVQrKyv3YWhv6f)
01/04/2022, 15:56:59 - ERROR - while finding board undefined | Error: Argument passed in must be a single String of 12 bytes or a string of 24 hex characters (sid: ghAOb90JjevSCZm6tvhVQrKyv3YWhv6f)
01/04/2022, 15:56:59 - ERROR - Failed to get board | Error: Argument passed in must be a single String of 12 bytes or a string of 24 hex characters (sid: ghAOb90JjevSCZm6tvhVQrKyv3YWhv6f)
01/04/2022, 15:56:59 - ERROR - while finding board undefined | Error: Argument passed in must be a single String of 12 bytes or a string of 24 hex characters (sid: ghAOb90JjevSCZm6tvhVQrKyv3YWhv6f)
01/04/2022, 15:56:59 - ERROR - Failed to get board | Error: Argument passed in must be a single String of 12 bytes or a string of 24 hex characters (sid: ghAOb90JjevSCZm6tvhVQrKyv3YWhv6f)
01/04/2022, 15:56:59 - ERROR - while finding board undefined | Error: Argument passed in must be a single String of 12 bytes or a string of 24 hex characters (sid: ghAOb90JjevSCZm6tvhVQrKyv3YWhv6f)
01/04/2022, 15:56:59 - ERROR - Failed to get board | Error: Argument passed in must be a single String of 12 bytes or a string of 24 hex characters (sid: ghAOb90JjevSCZm6tvhVQrKyv3YWhv6f)
01/04/2022, 15:56:59 - ERROR - while finding board undefined | Error: Argument passed in must be a single String of 12 bytes or a string of 24 hex characters (sid: ghAOb90JjevSCZm6tvhVQrKyv3YWhv6f)
01/04/2022, 15:56:59 - ERROR - Failed to get board | Error: Argument passed in must be a single String of 12 bytes or a string of 24 hex characters (sid: ghAOb90JjevSCZm6tvhVQrKyv3YWhv6f)
02/04/2022, 11:29:21 - ERROR - while finding board undefined | Error: Argument passed in must be a single String of 12 bytes or a string of 24 hex characters (sid: ghAOb90JjevSCZm6tvhVQrKyv3YWhv6f)
02/04/2022, 11:29:21 - ERROR - Failed to get board | Error: Argument passed in must be a single String of 12 bytes or a string of 24 hex characters (sid: ghAOb90JjevSCZm6tvhVQrKyv3YWhv6f)
02/04/2022, 18:24:26 - INFO - Server is running on port: 3030 
02/04/2022, 20:37:05 - INFO - Server is running on port: 3030 
02/04/2022, 21:45:53 - INFO - Server is running on port: 3030 
02/04/2022, 21:54:29 - INFO - Server is running on port: 3030 
